<?xml version="1.0" encoding="UTF-8"?>
<testsuite name="com.amigoscode.BookControllerTest" tests="1" skipped="0" failures="0" errors="0" timestamp="2024-07-17T11:42:14" hostname="SparkM3MaxMacBook-Pro.local" time="0.416">
  <properties/>
  <testcase name="canGetBooks()" classname="com.amigoscode.BookControllerTest" time="0.416"/>
  <system-out><![CDATA[19:42:13.714 [Test worker] INFO org.springframework.test.context.support.AnnotationConfigContextLoaderUtils -- Could not detect default configuration classes for test class [com.amigoscode.BookControllerTest]: BookControllerTest does not declare any static, non-private, non-final, nested classes annotated with @Configuration.
19:42:13.753 [Test worker] INFO org.springframework.boot.test.context.SpringBootTestContextBootstrapper -- Found @SpringBootConfiguration com.amigoscode.GraphQLApplication for test class com.amigoscode.BookControllerTest

  .   ____          _            __ _ _
 /\\ / ___'_ __ _ _(_)_ __  __ _ \ \ \ \
( ( )\___ | '_ | '_| | '_ \/ _` | \ \ \ \
 \\/  ___)| |_)| | | | | || (_| |  ) ) ) )
  '  |____| .__|_| |_|_| |_\__, | / / / /
 =========|_|==============|___/=/_/_/_/
 :: Spring Boot ::                (v3.2.5)

2024-07-17T19:42:13.866+08:00  INFO 9948 --- [graphqpl] [    Test worker] com.amigoscode.BookControllerTest        : Starting BookControllerTest using Java 21.0.2 with PID 9948 (started by sparkserene in /Users/sparkserene/Code/SpringBootLesson/idea/spring-boot-graphql)
2024-07-17T19:42:13.866+08:00  INFO 9948 --- [graphqpl] [    Test worker] com.amigoscode.BookControllerTest        : No active profile set, falling back to 1 default profile: "default"
2024-07-17T19:42:14.046+08:00  INFO 9948 --- [graphqpl] [    Test worker] efaultSchemaResourceGraphQlSourceBuilder : Loaded 1 resource(s) in the GraphQL schema.
2024-07-17T19:42:14.141+08:00  INFO 9948 --- [graphqpl] [    Test worker] o.s.b.a.g.GraphQlAutoConfiguration       : GraphQL schema inspection:
	Unmapped fields: {}
	Unmapped registrations: {}
	Skipped types: []
2024-07-17T19:42:14.171+08:00  INFO 9948 --- [graphqpl] [    Test worker] com.amigoscode.BookControllerTest        : Started BookControllerTest in 0.397 seconds (process running for 0.758)
]]></system-out>
  <system-err><![CDATA[WARNING: A Java agent has been loaded dynamically (/Users/sparkserene/.gradle/caches/modules-2/files-2.1/net.bytebuddy/byte-buddy-agent/1.14.13/979ce25f7d3096a2e82214ba7dc972a05ce7a171/byte-buddy-agent-1.14.13.jar)
WARNING: If a serviceability tool is in use, please run with -XX:+EnableDynamicAgentLoading to hide this warning
WARNING: If a serviceability tool is not in use, please run with -Djdk.instrument.traceUsage for more information
WARNING: Dynamic loading of agents will be disallowed by default in a future release
]]></system-err>
</testsuite>
